<?xml version="1.0" encoding="UTF-8"?>
<testsuite xmlns:xsi="http://www.w3.org/2001/XMLSchema-instance" xsi:noNamespaceSchemaLocation="https://maven.apache.org/surefire/maven-surefire-plugin/xsd/surefire-test-report-3.0.xsd" version="3.0" name="test.java.com.example.TestCases" time="0.069" tests="13" errors="0" skipped="0" failures="0">
  <properties>
    <property name="java.specification.version" value="17"/>
    <property name="sun.cpu.isalist" value="amd64"/>
    <property name="sun.jnu.encoding" value="Cp1252"/>
    <property name="java.class.path" value="C:\Users\fcq11\Desktop\javatestcase\target\test-classes;C:\Users\fcq11\Desktop\javatestcase\target\classes;C:\Users\fcq11\.m2\repository\org\junit\jupiter\junit-jupiter-api\5.8.2\junit-jupiter-api-5.8.2.jar;C:\Users\fcq11\.m2\repository\org\opentest4j\opentest4j\1.2.0\opentest4j-1.2.0.jar;C:\Users\fcq11\.m2\repository\org\junit\platform\junit-platform-commons\1.8.2\junit-platform-commons-1.8.2.jar;C:\Users\fcq11\.m2\repository\org\apiguardian\apiguardian-api\1.1.2\apiguardian-api-1.1.2.jar;"/>
    <property name="java.vm.vendor" value="Oracle Corporation"/>
    <property name="sun.arch.data.model" value="64"/>
    <property name="user.variant" value=""/>
    <property name="java.vendor.url" value="https://java.oracle.com/"/>
    <property name="user.timezone" value="America/New_York"/>
    <property name="os.name" value="Windows 10"/>
    <property name="java.vm.specification.version" value="17"/>
    <property name="sun.java.launcher" value="SUN_STANDARD"/>
    <property name="user.country" value="CA"/>
    <property name="sun.boot.library.path" value="C:\Program Files\Java\jdk-17\bin"/>
    <property name="sun.java.command" value="C:\Users\fcq11\AppData\Local\Temp\surefire1424889221141182151\surefirebooter-20240228224653043_3.jar C:\Users\fcq11\AppData\Local\Temp\surefire1424889221141182151 2024-02-28T22-46-52_864-jvmRun1 surefire-20240228224653043_1tmp surefire_0-20240228224653043_2tmp"/>
    <property name="jdk.debug" value="release"/>
    <property name="surefire.test.class.path" value="C:\Users\fcq11\Desktop\javatestcase\target\test-classes;C:\Users\fcq11\Desktop\javatestcase\target\classes;C:\Users\fcq11\.m2\repository\org\junit\jupiter\junit-jupiter-api\5.8.2\junit-jupiter-api-5.8.2.jar;C:\Users\fcq11\.m2\repository\org\opentest4j\opentest4j\1.2.0\opentest4j-1.2.0.jar;C:\Users\fcq11\.m2\repository\org\junit\platform\junit-platform-commons\1.8.2\junit-platform-commons-1.8.2.jar;C:\Users\fcq11\.m2\repository\org\apiguardian\apiguardian-api\1.1.2\apiguardian-api-1.1.2.jar;"/>
    <property name="sun.cpu.endian" value="little"/>
    <property name="user.home" value="C:\Users\fcq11"/>
    <property name="user.language" value="en"/>
    <property name="java.specification.vendor" value="Oracle Corporation"/>
    <property name="java.version.date" value="2024-01-16"/>
    <property name="java.home" value="C:\Program Files\Java\jdk-17"/>
    <property name="file.separator" value="\"/>
    <property name="basedir" value="C:\Users\fcq11\Desktop\javatestcase"/>
    <property name="java.vm.compressedOopsMode" value="Zero based"/>
    <property name="line.separator" value="&#10;"/>
    <property name="java.vm.specification.vendor" value="Oracle Corporation"/>
    <property name="java.specification.name" value="Java Platform API Specification"/>
    <property name="surefire.real.class.path" value="C:\Users\fcq11\AppData\Local\Temp\surefire1424889221141182151\surefirebooter-20240228224653043_3.jar"/>
    <property name="user.script" value=""/>
    <property name="sun.management.compiler" value="HotSpot 64-Bit Tiered Compilers"/>
    <property name="java.runtime.version" value="17.0.10+11-LTS-240"/>
    <property name="user.name" value="fcq11"/>
    <property name="path.separator" value=";"/>
    <property name="os.version" value="10.0"/>
    <property name="java.runtime.name" value="Java(TM) SE Runtime Environment"/>
    <property name="file.encoding" value="Cp1252"/>
    <property name="java.vm.name" value="Java HotSpot(TM) 64-Bit Server VM"/>
    <property name="localRepository" value="C:\Users\fcq11\.m2\repository"/>
    <property name="java.vendor.url.bug" value="https://bugreport.java.com/bugreport/"/>
    <property name="java.io.tmpdir" value="C:\Users\fcq11\AppData\Local\Temp\"/>
    <property name="java.version" value="17.0.10"/>
    <property name="user.dir" value="C:\Users\fcq11\Desktop\javatestcase"/>
    <property name="os.arch" value="amd64"/>
    <property name="java.vm.specification.name" value="Java Virtual Machine Specification"/>
    <property name="sun.os.patch.level" value=""/>
    <property name="native.encoding" value="Cp1252"/>
    <property name="java.library.path" value="C:\Program Files\Java\jdk-17\bin;C:\WINDOWS\Sun\Java\bin;C:\WINDOWS\system32;C:\WINDOWS;C:\Program Files\Common Files\Oracle\Java\javapath;C:\WINDOWS\system32;C:\WINDOWS;C:\WINDOWS\System32\Wbem;C:\WINDOWS\System32\WindowsPowerShell\v1.0\;C:\WINDOWS\System32\OpenSSH\;C:\Program Files\Git\cmd;C:\Program Files\apache-maven\apache-maven-3.9.6\bin;C:\Users\fcq11\AppData\Local\Microsoft\WindowsApps;;C:\Users\fcq11\AppData\Local\Programs\Microsoft VS Code\bin;."/>
    <property name="java.vm.info" value="mixed mode, sharing"/>
    <property name="java.vendor" value="Oracle Corporation"/>
    <property name="java.vm.version" value="17.0.10+11-LTS-240"/>
    <property name="sun.io.unicode.encoding" value="UnicodeLittle"/>
    <property name="java.class.version" value="61.0"/>
  </properties>
  <testcase name="test10" classname="test.java.com.example.TestCases" time="0.02">
    <system-out><![CDATA[Testing Starting.
]]></system-out>
    <system-err><![CDATA[Feb. 28, 2024 10:46:53 P.M. org.junit.jupiter.engine.descriptor.JupiterTestDescriptor lambda$getTags$1
WARNING: Configuration error: invalid tag syntax in @Tag("Tests for NextDate method") declaration on [class test.java.com.example.TestCases]. Tag will be ignored.
Feb. 28, 2024 10:46:53 P.M. org.junit.jupiter.engine.descriptor.JupiterTestDescriptor lambda$getTags$1
WARNING: Configuration error: invalid tag syntax in @Tag("Invalid Date Inputs Test") declaration on [public void test.java.com.example.TestCases.test10()]. Tag will be ignored.
Feb. 28, 2024 10:46:53 P.M. org.junit.jupiter.engine.descriptor.JupiterTestDescriptor lambda$getTags$1
WARNING: Configuration error: invalid tag syntax in @Tag("Leap Year Date Test") declaration on [public void test.java.com.example.TestCases.test11()]. Tag will be ignored.
Feb. 28, 2024 10:46:53 P.M. org.junit.jupiter.engine.descriptor.JupiterTestDescriptor lambda$getTags$1
WARNING: Configuration error: invalid tag syntax in @Tag("Leap Year Date Test") declaration on [public void test.java.com.example.TestCases.test12()]. Tag will be ignored.
Feb. 28, 2024 10:46:53 P.M. org.junit.jupiter.engine.descriptor.JupiterTestDescriptor lambda$getTags$1
WARNING: Configuration error: invalid tag syntax in @Tag("Leap Year Date Test") declaration on [public void test.java.com.example.TestCases.test13()]. Tag will be ignored.
Feb. 28, 2024 10:46:53 P.M. org.junit.jupiter.engine.descriptor.JupiterTestDescriptor lambda$getTags$1
WARNING: Configuration error: invalid tag syntax in @Tag("Valid Test") declaration on [public void test.java.com.example.TestCases.test1()]. Tag will be ignored.
Feb. 28, 2024 10:46:53 P.M. org.junit.jupiter.engine.descriptor.JupiterTestDescriptor lambda$getTags$1
WARNING: Configuration error: invalid tag syntax in @Tag("Valid Test") declaration on [public void test.java.com.example.TestCases.test2()]. Tag will be ignored.
Feb. 28, 2024 10:46:53 P.M. org.junit.jupiter.engine.descriptor.JupiterTestDescriptor lambda$getTags$1
WARNING: Configuration error: invalid tag syntax in @Tag("Valid Test") declaration on [public void test.java.com.example.TestCases.test3()]. Tag will be ignored.
Feb. 28, 2024 10:46:53 P.M. org.junit.jupiter.engine.descriptor.JupiterTestDescriptor lambda$getTags$1
WARNING: Configuration error: invalid tag syntax in @Tag("Boundary Value Test") declaration on [public void test.java.com.example.TestCases.test4()]. Tag will be ignored.
Feb. 28, 2024 10:46:53 P.M. org.junit.jupiter.engine.descriptor.JupiterTestDescriptor lambda$getTags$1
WARNING: Configuration error: invalid tag syntax in @Tag("Boundary Value test") declaration on [public void test.java.com.example.TestCases.test5()]. Tag will be ignored.
Feb. 28, 2024 10:46:53 P.M. org.junit.jupiter.engine.descriptor.JupiterTestDescriptor lambda$getTags$1
WARNING: Configuration error: invalid tag syntax in @Tag("Boundary Test") declaration on [public void test.java.com.example.TestCases.test6()]. Tag will be ignored.
Feb. 28, 2024 10:46:53 P.M. org.junit.jupiter.engine.descriptor.JupiterTestDescriptor lambda$getTags$1
WARNING: Configuration error: invalid tag syntax in @Tag("Boundary Test") declaration on [public void test.java.com.example.TestCases.test7()]. Tag will be ignored.
Feb. 28, 2024 10:46:53 P.M. org.junit.jupiter.engine.descriptor.JupiterTestDescriptor lambda$getTags$1
WARNING: Configuration error: invalid tag syntax in @Tag("Invalid Date Inputs Test") declaration on [public void test.java.com.example.TestCases.test8()]. Tag will be ignored.
Feb. 28, 2024 10:46:53 P.M. org.junit.jupiter.engine.descriptor.JupiterTestDescriptor lambda$getTags$1
WARNING: Configuration error: invalid tag syntax in @Tag("Invalid Date Inputs Test") declaration on [public void test.java.com.example.TestCases.test9()]. Tag will be ignored.
Feb. 28, 2024 10:46:53 P.M. org.junit.jupiter.engine.descriptor.JupiterTestDescriptor lambda$getTags$1
WARNING: Configuration error: invalid tag syntax in @Tag("Tests for NextDate method") declaration on [class test.java.com.example.TestCases]. Tag will be ignored.
Feb. 28, 2024 10:46:53 P.M. org.junit.jupiter.engine.descriptor.JupiterTestDescriptor lambda$getTags$1
WARNING: Configuration error: invalid tag syntax in @Tag("Invalid Date Inputs Test") declaration on [public void test.java.com.example.TestCases.test10()]. Tag will be ignored.
Feb. 28, 2024 10:46:53 P.M. org.junit.jupiter.engine.descriptor.JupiterTestDescriptor lambda$getTags$1
WARNING: Configuration error: invalid tag syntax in @Tag("Leap Year Date Test") declaration on [public void test.java.com.example.TestCases.test11()]. Tag will be ignored.
Feb. 28, 2024 10:46:53 P.M. org.junit.jupiter.engine.descriptor.JupiterTestDescriptor lambda$getTags$1
WARNING: Configuration error: invalid tag syntax in @Tag("Leap Year Date Test") declaration on [public void test.java.com.example.TestCases.test12()]. Tag will be ignored.
Feb. 28, 2024 10:46:53 P.M. org.junit.jupiter.engine.descriptor.JupiterTestDescriptor lambda$getTags$1
WARNING: Configuration error: invalid tag syntax in @Tag("Leap Year Date Test") declaration on [public void test.java.com.example.TestCases.test13()]. Tag will be ignored.
Feb. 28, 2024 10:46:53 P.M. org.junit.jupiter.engine.descriptor.JupiterTestDescriptor lambda$getTags$1
WARNING: Configuration error: invalid tag syntax in @Tag("Valid Test") declaration on [public void test.java.com.example.TestCases.test1()]. Tag will be ignored.
Feb. 28, 2024 10:46:53 P.M. org.junit.jupiter.engine.descriptor.JupiterTestDescriptor lambda$getTags$1
WARNING: Configuration error: invalid tag syntax in @Tag("Valid Test") declaration on [public void test.java.com.example.TestCases.test2()]. Tag will be ignored.
Feb. 28, 2024 10:46:53 P.M. org.junit.jupiter.engine.descriptor.JupiterTestDescriptor lambda$getTags$1
WARNING: Configuration error: invalid tag syntax in @Tag("Valid Test") declaration on [public void test.java.com.example.TestCases.test3()]. Tag will be ignored.
Feb. 28, 2024 10:46:53 P.M. org.junit.jupiter.engine.descriptor.JupiterTestDescriptor lambda$getTags$1
WARNING: Configuration error: invalid tag syntax in @Tag("Boundary Value Test") declaration on [public void test.java.com.example.TestCases.test4()]. Tag will be ignored.
Feb. 28, 2024 10:46:53 P.M. org.junit.jupiter.engine.descriptor.JupiterTestDescriptor lambda$getTags$1
WARNING: Configuration error: invalid tag syntax in @Tag("Boundary Value test") declaration on [public void test.java.com.example.TestCases.test5()]. Tag will be ignored.
Feb. 28, 2024 10:46:53 P.M. org.junit.jupiter.engine.descriptor.JupiterTestDescriptor lambda$getTags$1
WARNING: Configuration error: invalid tag syntax in @Tag("Boundary Test") declaration on [public void test.java.com.example.TestCases.test6()]. Tag will be ignored.
Feb. 28, 2024 10:46:53 P.M. org.junit.jupiter.engine.descriptor.JupiterTestDescriptor lambda$getTags$1
WARNING: Configuration error: invalid tag syntax in @Tag("Boundary Test") declaration on [public void test.java.com.example.TestCases.test7()]. Tag will be ignored.
Feb. 28, 2024 10:46:53 P.M. org.junit.jupiter.engine.descriptor.JupiterTestDescriptor lambda$getTags$1
WARNING: Configuration error: invalid tag syntax in @Tag("Invalid Date Inputs Test") declaration on [public void test.java.com.example.TestCases.test8()]. Tag will be ignored.
Feb. 28, 2024 10:46:53 P.M. org.junit.jupiter.engine.descriptor.JupiterTestDescriptor lambda$getTags$1
WARNING: Configuration error: invalid tag syntax in @Tag("Invalid Date Inputs Test") declaration on [public void test.java.com.example.TestCases.test9()]. Tag will be ignored.
]]></system-err>
  </testcase>
  <testcase name="test11" classname="test.java.com.example.TestCases" time="0.004"/>
  <testcase name="test12" classname="test.java.com.example.TestCases" time="0.001"/>
  <testcase name="test13" classname="test.java.com.example.TestCases" time="0.001"/>
  <testcase name="test1" classname="test.java.com.example.TestCases" time="0.001"/>
  <testcase name="test2" classname="test.java.com.example.TestCases" time="0.001"/>
  <testcase name="test3" classname="test.java.com.example.TestCases" time="0.001"/>
  <testcase name="test4" classname="test.java.com.example.TestCases" time="0.001"/>
  <testcase name="test5" classname="test.java.com.example.TestCases" time="0.001"/>
  <testcase name="test6" classname="test.java.com.example.TestCases" time="0.001"/>
  <testcase name="test7" classname="test.java.com.example.TestCases" time="0.001"/>
  <testcase name="test8" classname="test.java.com.example.TestCases" time="0.001"/>
  <testcase name="test9" classname="test.java.com.example.TestCases" time="0.001"/>
</testsuite>